<?xml version="1.0" encoding="UTF-8"?>
<testsuite name="net.openu.restapi.account.repository.AccountsRepositoryTest" tests="1" skipped="0" failures="0" errors="0" timestamp="2020-04-09T14:16:11" hostname="byungnamui-MacBookPro.local" time="0.218">
  <properties/>
  <testcase name="signUp()" classname="net.openu.restapi.account.repository.AccountsRepositoryTest" time="0.218"/>
  <system-out><![CDATA[23:16:08.988 [Test worker] DEBUG org.springframework.test.context.BootstrapUtils - Instantiating CacheAwareContextLoaderDelegate from class [org.springframework.test.context.cache.DefaultCacheAwareContextLoaderDelegate]
23:16:09.000 [Test worker] DEBUG org.springframework.test.context.BootstrapUtils - Instantiating BootstrapContext using constructor [public org.springframework.test.context.support.DefaultBootstrapContext(java.lang.Class,org.springframework.test.context.CacheAwareContextLoaderDelegate)]
23:16:09.029 [Test worker] DEBUG org.springframework.test.context.BootstrapUtils - Instantiating TestContextBootstrapper for test class [net.openu.restapi.account.repository.AccountsRepositoryTest] from class [org.springframework.boot.test.autoconfigure.orm.jpa.DataJpaTestContextBootstrapper]
23:16:09.047 [Test worker] INFO org.springframework.boot.test.autoconfigure.orm.jpa.DataJpaTestContextBootstrapper - Neither @ContextConfiguration nor @ContextHierarchy found for test class [net.openu.restapi.account.repository.AccountsRepositoryTest], using SpringBootContextLoader
23:16:09.050 [Test worker] DEBUG org.springframework.test.context.support.AbstractContextLoader - Did not detect default resource location for test class [net.openu.restapi.account.repository.AccountsRepositoryTest]: class path resource [net/openu/restapi/account/repository/AccountsRepositoryTest-context.xml] does not exist
23:16:09.051 [Test worker] DEBUG org.springframework.test.context.support.AbstractContextLoader - Did not detect default resource location for test class [net.openu.restapi.account.repository.AccountsRepositoryTest]: class path resource [net/openu/restapi/account/repository/AccountsRepositoryTestContext.groovy] does not exist
23:16:09.051 [Test worker] INFO org.springframework.test.context.support.AbstractContextLoader - Could not detect default resource locations for test class [net.openu.restapi.account.repository.AccountsRepositoryTest]: no resource found for suffixes {-context.xml, Context.groovy}.
23:16:09.052 [Test worker] INFO org.springframework.test.context.support.AnnotationConfigContextLoaderUtils - Could not detect default configuration classes for test class [net.openu.restapi.account.repository.AccountsRepositoryTest]: AccountsRepositoryTest does not declare any static, non-private, non-final, nested classes annotated with @Configuration.
23:16:09.106 [Test worker] DEBUG org.springframework.test.context.support.ActiveProfilesUtils - Could not find an 'annotation declaring class' for annotation type [org.springframework.test.context.ActiveProfiles] and class [net.openu.restapi.account.repository.AccountsRepositoryTest]
23:16:09.161 [Test worker] DEBUG org.springframework.context.annotation.ClassPathScanningCandidateComponentProvider - Identified candidate component class: file [/Users/byungnambeak/dev/openu-rest-api/build/classes/java/main/net/openu/restapi/Application.class]
23:16:09.162 [Test worker] INFO org.springframework.boot.test.context.SpringBootTestContextBootstrapper - Found @SpringBootConfiguration net.openu.restapi.Application for test class net.openu.restapi.account.repository.AccountsRepositoryTest
23:16:09.163 [Test worker] DEBUG org.springframework.boot.test.autoconfigure.orm.jpa.DataJpaTestContextBootstrapper - @TestExecutionListeners is not present for class [net.openu.restapi.account.repository.AccountsRepositoryTest]: using defaults.
23:16:09.164 [Test worker] INFO org.springframework.boot.test.autoconfigure.orm.jpa.DataJpaTestContextBootstrapper - Loaded default TestExecutionListener class names from location [META-INF/spring.factories]: [org.springframework.boot.test.autoconfigure.restdocs.RestDocsTestExecutionListener, org.springframework.boot.test.autoconfigure.web.client.MockRestServiceServerResetTestExecutionListener, org.springframework.boot.test.autoconfigure.web.servlet.MockMvcPrintOnlyOnFailureTestExecutionListener, org.springframework.boot.test.autoconfigure.web.servlet.WebDriverTestExecutionListener, org.springframework.boot.test.mock.mockito.MockitoTestExecutionListener, org.springframework.boot.test.mock.mockito.ResetMocksTestExecutionListener, org.springframework.test.context.web.ServletTestExecutionListener, org.springframework.test.context.support.DirtiesContextBeforeModesTestExecutionListener, org.springframework.test.context.support.DependencyInjectionTestExecutionListener, org.springframework.test.context.support.DirtiesContextTestExecutionListener, org.springframework.test.context.transaction.TransactionalTestExecutionListener, org.springframework.test.context.jdbc.SqlScriptsTestExecutionListener, org.springframework.test.context.event.EventPublishingTestExecutionListener]
23:16:09.184 [Test worker] INFO org.springframework.boot.test.autoconfigure.orm.jpa.DataJpaTestContextBootstrapper - Using TestExecutionListeners: [org.springframework.test.context.web.ServletTestExecutionListener@1b5bd304, org.springframework.test.context.support.DirtiesContextBeforeModesTestExecutionListener@1aaa0ed8, org.springframework.boot.test.mock.mockito.MockitoTestExecutionListener@426104ec, org.springframework.boot.test.autoconfigure.SpringBootDependencyInjectionTestExecutionListener@38817ecd, org.springframework.test.context.support.DirtiesContextTestExecutionListener@7d87492a, org.springframework.test.context.transaction.TransactionalTestExecutionListener@3791448c, org.springframework.test.context.jdbc.SqlScriptsTestExecutionListener@7d1d60f6, org.springframework.test.context.event.EventPublishingTestExecutionListener@4e591e8e, org.springframework.boot.test.autoconfigure.restdocs.RestDocsTestExecutionListener@950d076, org.springframework.boot.test.autoconfigure.web.client.MockRestServiceServerResetTestExecutionListener@345840f4, org.springframework.boot.test.autoconfigure.web.servlet.MockMvcPrintOnlyOnFailureTestExecutionListener@22549c59, org.springframework.boot.test.autoconfigure.web.servlet.WebDriverTestExecutionListener@24ff4bf3, org.springframework.boot.test.mock.mockito.ResetMocksTestExecutionListener@2ba3ec7a]
23:16:09.187 [Test worker] DEBUG org.springframework.test.context.support.AbstractDirtiesContextTestExecutionListener - Before test class: context [DefaultTestContext@a3d565e testClass = AccountsRepositoryTest, testInstance = [null], testMethod = [null], testException = [null], mergedContextConfiguration = [MergedContextConfiguration@628b694a testClass = AccountsRepositoryTest, locations = '{}', classes = '{class net.openu.restapi.Application}', contextInitializerClasses = '[]', activeProfiles = '{}', propertySourceLocations = '{}', propertySourceProperties = '{org.springframework.boot.test.autoconfigure.orm.jpa.DataJpaTestContextBootstrapper=true}', contextCustomizers = set[org.springframework.boot.test.autoconfigure.OverrideAutoConfigurationContextCustomizerFactory$DisableAutoConfigurationContextCustomizer@2453162a, org.springframework.boot.test.autoconfigure.filter.TypeExcludeFiltersContextCustomizer@351584c0, org.springframework.boot.test.autoconfigure.properties.PropertyMappingContextCustomizer@51b248d8, org.springframework.boot.test.autoconfigure.web.servlet.WebDriverContextCustomizerFactory$Customizer@68bcdbf4, [ImportsContextCustomizer@179f0689 key = [org.springframework.boot.autoconfigure.cache.CacheAutoConfiguration, org.springframework.boot.autoconfigure.data.jpa.JpaRepositoriesAutoConfiguration, org.springframework.boot.autoconfigure.flyway.FlywayAutoConfiguration, org.springframework.boot.autoconfigure.jdbc.DataSourceAutoConfiguration, org.springframework.boot.autoconfigure.jdbc.DataSourceTransactionManagerAutoConfiguration, org.springframework.boot.autoconfigure.jdbc.JdbcTemplateAutoConfiguration, org.springframework.boot.autoconfigure.liquibase.LiquibaseAutoConfiguration, org.springframework.boot.autoconfigure.orm.jpa.HibernateJpaAutoConfiguration, org.springframework.boot.autoconfigure.transaction.TransactionAutoConfiguration, org.springframework.boot.test.autoconfigure.jdbc.TestDatabaseAutoConfiguration, org.springframework.boot.test.autoconfigure.orm.jpa.TestEntityManagerAutoConfiguration]], org.springframework.boot.test.context.filter.ExcludeFilterContextCustomizer@161f6cc6, org.springframework.boot.test.json.DuplicateJsonObjectContextCustomizerFactory$DuplicateJsonObjectContextCustomizer@2191e1de, org.springframework.boot.test.mock.mockito.MockitoContextCustomizer@0], contextLoader = 'org.springframework.boot.test.context.SpringBootContextLoader', parent = [null]], attributes = map[[empty]]], class annotated with @DirtiesContext [false] with mode [null].
23:16:09.198 [Test worker] DEBUG org.springframework.test.context.support.DependencyInjectionTestExecutionListener - Performing dependency injection for test context [[DefaultTestContext@a3d565e testClass = AccountsRepositoryTest, testInstance = net.openu.restapi.account.repository.AccountsRepositoryTest@536acd81, testMethod = [null], testException = [null], mergedContextConfiguration = [MergedContextConfiguration@628b694a testClass = AccountsRepositoryTest, locations = '{}', classes = '{class net.openu.restapi.Application}', contextInitializerClasses = '[]', activeProfiles = '{}', propertySourceLocations = '{}', propertySourceProperties = '{org.springframework.boot.test.autoconfigure.orm.jpa.DataJpaTestContextBootstrapper=true}', contextCustomizers = set[org.springframework.boot.test.autoconfigure.OverrideAutoConfigurationContextCustomizerFactory$DisableAutoConfigurationContextCustomizer@2453162a, org.springframework.boot.test.autoconfigure.filter.TypeExcludeFiltersContextCustomizer@351584c0, org.springframework.boot.test.autoconfigure.properties.PropertyMappingContextCustomizer@51b248d8, org.springframework.boot.test.autoconfigure.web.servlet.WebDriverContextCustomizerFactory$Customizer@68bcdbf4, [ImportsContextCustomizer@179f0689 key = [org.springframework.boot.autoconfigure.cache.CacheAutoConfiguration, org.springframework.boot.autoconfigure.data.jpa.JpaRepositoriesAutoConfiguration, org.springframework.boot.autoconfigure.flyway.FlywayAutoConfiguration, org.springframework.boot.autoconfigure.jdbc.DataSourceAutoConfiguration, org.springframework.boot.autoconfigure.jdbc.DataSourceTransactionManagerAutoConfiguration, org.springframework.boot.autoconfigure.jdbc.JdbcTemplateAutoConfiguration, org.springframework.boot.autoconfigure.liquibase.LiquibaseAutoConfiguration, org.springframework.boot.autoconfigure.orm.jpa.HibernateJpaAutoConfiguration, org.springframework.boot.autoconfigure.transaction.TransactionAutoConfiguration, org.springframework.boot.test.autoconfigure.jdbc.TestDatabaseAutoConfiguration, org.springframework.boot.test.autoconfigure.orm.jpa.TestEntityManagerAutoConfiguration]], org.springframework.boot.test.context.filter.ExcludeFilterContextCustomizer@161f6cc6, org.springframework.boot.test.json.DuplicateJsonObjectContextCustomizerFactory$DuplicateJsonObjectContextCustomizer@2191e1de, org.springframework.boot.test.mock.mockito.MockitoContextCustomizer@0], contextLoader = 'org.springframework.boot.test.context.SpringBootContextLoader', parent = [null]], attributes = map[[empty]]]].
23:16:09.294 [Test worker] DEBUG org.springframework.test.context.support.TestPropertySourceUtils - Adding inlined properties to environment: {spring.jmx.enabled=false, org.springframework.boot.test.autoconfigure.orm.jpa.DataJpaTestContextBootstrapper=true, server.port=-1}

  .   ____          _            __ _ _
 /\\ / ___'_ __ _ _(_)_ __  __ _ \ \ \ \
( ( )\___ | '_ | '_| | '_ \/ _` | \ \ \ \
 \\/  ___)| |_)| | | | | || (_| |  ) ) ) )
  '  |____| .__|_| |_|_| |_\__, | / / / /
 =========|_|==============|___/=/_/_/_/
 :: Spring Boot ::        (v2.2.6.RELEASE)

2020-04-09 23:16:09.764  INFO 71394 --- [    Test worker] n.o.r.a.r.AccountsRepositoryTest         : Starting AccountsRepositoryTest on byungnamui-MacBookPro.local with PID 71394 (started by byungnambeak in /Users/byungnambeak/dev/openu-rest-api)
2020-04-09 23:16:09.766  INFO 71394 --- [    Test worker] n.o.r.a.r.AccountsRepositoryTest         : No active profile set, falling back to default profiles: default
2020-04-09 23:16:10.066  INFO 71394 --- [    Test worker] .s.d.r.c.RepositoryConfigurationDelegate : Bootstrapping Spring Data JPA repositories in DEFAULT mode.
2020-04-09 23:16:10.126  INFO 71394 --- [    Test worker] .s.d.r.c.RepositoryConfigurationDelegate : Finished Spring Data repository scanning in 50ms. Found 1 JPA repository interfaces.
2020-04-09 23:16:10.170  INFO 71394 --- [    Test worker] beddedDataSourceBeanFactoryPostProcessor : Replacing 'dataSource' DataSource bean with embedded version
2020-04-09 23:16:10.325  INFO 71394 --- [    Test worker] o.s.j.d.e.EmbeddedDatabaseFactory        : Starting embedded database: url='jdbc:h2:mem:92efa900-5cce-4a31-bd2a-aabd4077c9df;DB_CLOSE_DELAY=-1;DB_CLOSE_ON_EXIT=false', username='sa'
2020-04-09 23:16:10.671  INFO 71394 --- [    Test worker] o.hibernate.jpa.internal.util.LogHelper  : HHH000204: Processing PersistenceUnitInfo [name: default]
2020-04-09 23:16:10.735  INFO 71394 --- [    Test worker] org.hibernate.Version                    : HHH000412: Hibernate ORM core version 5.4.12.Final
2020-04-09 23:16:10.882  INFO 71394 --- [    Test worker] o.hibernate.annotations.common.Version   : HCANN000001: Hibernate Commons Annotations {5.1.0.Final}
2020-04-09 23:16:10.993  INFO 71394 --- [    Test worker] org.hibernate.dialect.Dialect            : HHH000400: Using dialect: org.hibernate.dialect.PostgreSQLDialect
Hibernate: 
    
    create table accounts (
       account_id  bigserial not null,
        name varchar(30) not null,
        phone_number varchar(255),
        username varchar(30) not null,
        uuid varchar(255),
        primary key (account_id)
    )
Hibernate: 
    
    alter table accounts 
       drop constraint UK_k8h1bgqoplx0rkngj01pm1rgp
Hibernate: 
    
    alter table accounts 
       add constraint UK_k8h1bgqoplx0rkngj01pm1rgp unique (username)
2020-04-09 23:16:11.658  INFO 71394 --- [    Test worker] o.h.e.t.j.p.i.JtaPlatformInitiator       : HHH000490: Using JtaPlatform implementation: [org.hibernate.engine.transaction.jta.platform.internal.NoJtaPlatform]
2020-04-09 23:16:11.666  INFO 71394 --- [    Test worker] j.LocalContainerEntityManagerFactoryBean : Initialized JPA EntityManagerFactory for persistence unit 'default'
2020-04-09 23:16:11.987  INFO 71394 --- [    Test worker] n.o.r.a.r.AccountsRepositoryTest         : Started AccountsRepositoryTest in 2.69 seconds (JVM running for 3.832)
Hibernate: 
    /* insert net.openu.restapi.account.repository.Accounts
        */ insert 
        into
            accounts
            (name, phone_number, username, uuid) 
        values
            (?, ?, ?, ?)
2020-04-09 23:16:12.118 TRACE 71394 --- [    Test worker] o.h.type.descriptor.sql.BasicBinder      : binding parameter [1] as [VARCHAR] - [김새로이]
2020-04-09 23:16:12.118 TRACE 71394 --- [    Test worker] o.h.type.descriptor.sql.BasicBinder      : binding parameter [2] as [VARCHAR] - [null]
2020-04-09 23:16:12.119 TRACE 71394 --- [    Test worker] o.h.type.descriptor.sql.BasicBinder      : binding parameter [3] as [VARCHAR] - [abc@openu.net]
2020-04-09 23:16:12.119 TRACE 71394 --- [    Test worker] o.h.type.descriptor.sql.BasicBinder      : binding parameter [4] as [VARCHAR] - [CB7B4B1507B341268DCBF5400B4F00C7]
abc = Accounts(id=1, uuid=CB7B4B1507B341268DCBF5400B4F00C7, username=abc@openu.net, name=김새로이, phoneNumber=null)
]]></system-out>
  <system-err><![CDATA[]]></system-err>
</testsuite>
